<?xml version="1.0" encoding="UTF-8"?>
<coverage generated="1789128168813" clover="3.2.0">
  <project timestamp="1789128168813" name="All files">
    <metrics statements="76" coveredstatements="73" conditionals="24" coveredconditionals="17" methods="33" coveredmethods="33" elements="133" coveredelements="123" complexity="0" loc="76" ncloc="76" packages="1" files="4" classes="4"/>
    <file name="Animal.js" path="C:\Users\Jack\Downloads\vet-clinica-tdd\src\Animal.js">
      <metrics statements="12" coveredstatements="11" conditionals="4" coveredconditionals="3" methods="5" coveredmethods="5"/>
      <line num="1" count="2" type="stmt"/>
      <line num="5" count="25" type="cond" truecount="3" falsecount="1"/>
      <line num="6" count="0" type="stmt"/>
      <line num="9" count="25" type="stmt"/>
      <line num="10" count="25" type="stmt"/>
      <line num="11" count="25" type="stmt"/>
      <line num="12" count="25" type="stmt"/>
      <line num="16" count="35" type="stmt"/>
      <line num="20" count="38" type="stmt"/>
      <line num="24" count="22" type="stmt"/>
      <line num="25" count="20" type="stmt"/>
      <line num="29" count="2" type="stmt"/>
    </file>
    <file name="Atendimento.js" path="C:\Users\Jack\Downloads\vet-clinica-tdd\src\Atendimento.js">
      <metrics statements="20" coveredstatements="19" conditionals="8" coveredconditionals="6" methods="7" coveredmethods="7"/>
      <line num="1" count="3" type="stmt"/>
      <line num="3" count="3" type="stmt"/>
      <line num="11" count="42" type="cond" truecount="1" falsecount="1"/>
      <line num="13" count="42" type="cond" truecount="1" falsecount="1"/>
      <line num="14" count="0" type="stmt"/>
      <line num="19" count="42" type="stmt"/>
      <line num="20" count="42" type="stmt"/>
      <line num="21" count="42" type="stmt"/>
      <line num="22" count="42" type="stmt"/>
      <line num="23" count="42" type="stmt"/>
      <line num="25" count="42" type="stmt"/>
      <line num="29" count="5" type="cond" truecount="2" falsecount="0"/>
      <line num="30" count="1" type="stmt"/>
      <line num="32" count="4" type="stmt"/>
      <line num="36" count="3" type="stmt"/>
      <line num="40" count="31" type="stmt"/>
      <line num="44" count="31" type="stmt"/>
      <line num="45" count="31" type="stmt"/>
      <line num="46" count="31" type="stmt"/>
      <line num="50" count="3" type="stmt"/>
    </file>
    <file name="ClinicaService.js" path="C:\Users\Jack\Downloads\vet-clinica-tdd\src\ClinicaService.js">
      <metrics statements="42" coveredstatements="41" conditionals="12" coveredconditionals="8" methods="20" coveredmethods="20"/>
      <line num="1" count="2" type="stmt"/>
      <line num="2" count="2" type="stmt"/>
      <line num="3" count="2" type="stmt"/>
      <line num="5" count="2" type="stmt"/>
      <line num="6" count="2" type="stmt"/>
      <line num="10" count="16" type="stmt"/>
      <line num="11" count="16" type="stmt"/>
      <line num="16" count="25" type="stmt"/>
      <line num="17" count="25" type="stmt"/>
      <line num="18" count="25" type="stmt"/>
      <line num="19" count="25" type="stmt"/>
      <line num="23" count="44" type="stmt"/>
      <line num="24" count="38" type="cond" truecount="2" falsecount="0"/>
      <line num="25" count="1" type="stmt"/>
      <line num="27" count="37" type="stmt"/>
      <line num="32" count="35" type="stmt"/>
      <line num="33" count="35" type="stmt"/>
      <line num="35" count="35" type="cond" truecount="2" falsecount="0"/>
      <line num="36" count="2" type="stmt"/>
      <line num="39" count="35" type="stmt"/>
      <line num="40" count="35" type="stmt"/>
      <line num="44" count="1" type="stmt"/>
      <line num="48" count="1" type="stmt"/>
      <line num="49" count="1" type="cond" truecount="1" falsecount="1"/>
      <line num="50" count="0" type="stmt"/>
      <line num="53" count="1" type="stmt"/>
      <line num="54" count="1" type="stmt"/>
      <line num="55" count="1" type="stmt"/>
      <line num="60" count="1" type="stmt"/>
      <line num="64" count="1" type="stmt"/>
      <line num="65" count="2" type="stmt"/>
      <line num="70" count="2" type="stmt"/>
      <line num="74" count="2" type="stmt"/>
      <line num="75" count="2" type="stmt"/>
      <line num="76" count="5" type="cond" truecount="1" falsecount="1"/>
      <line num="80" count="2" type="stmt"/>
      <line num="84" count="2" type="stmt"/>
      <line num="85" count="1" type="stmt"/>
      <line num="89" count="4" type="stmt"/>
      <line num="90" count="2" type="stmt"/>
      <line num="94" count="2" type="stmt"/>
      <line num="102" count="2" type="stmt"/>
    </file>
    <file name="utils.js" path="C:\Users\Jack\Downloads\vet-clinica-tdd\src\utils.js">
      <metrics statements="2" coveredstatements="2" conditionals="0" coveredconditionals="0" methods="1" coveredmethods="1"/>
      <line num="2" count="53" type="stmt"/>
      <line num="5" count="3" type="stmt"/>
    </file>
  </project>
</coverage>
