{"C:\\Users\\Jack\\Downloads\\vet-clinica-tdd\\src\\Animal.js": {"path":"C:\\Users\\Jack\\Downloads\\vet-clinica-tdd\\src\\Animal.js","statementMap":{"0":{"start":{"line":1,"column":23},"end":{"line":1,"column":41}},"1":{"start":{"line":5,"column":4},"end":{"line":7,"column":5}},"2":{"start":{"line":6,"column":6},"end":{"line":6,"column":54}},"3":{"start":{"line":9,"column":4},"end":{"line":9,"column":17}},"4":{"start":{"line":10,"column":4},"end":{"line":10,"column":21}},"5":{"start":{"line":11,"column":4},"end":{"line":11,"column":35}},"6":{"start":{"line":12,"column":4},"end":{"line":12,"column":27}},"7":{"start":{"line":16,"column":4},"end":{"line":16,"column":40}},"8":{"start":{"line":20,"column":4},"end":{"line":20,"column":36}},"9":{"start":{"line":24,"column":18},"end":{"line":24,"column":81}},"10":{"start":{"line":24,"column":57},"end":{"line":24,"column":77}},"11":{"start":{"line":25,"column":4},"end":{"line":25,"column":29}},"12":{"start":{"line":29,"column":0},"end":{"line":29,"column":24}}},"fnMap":{"0":{"name":"(anonymous_0)","decl":{"start":{"line":4,"column":2},"end":{"line":4,"column":3}},"loc":{"start":{"line":4,"column":37},"end":{"line":13,"column":3}},"line":4},"1":{"name":"(anonymous_1)","decl":{"start":{"line":15,"column":2},"end":{"line":15,"column":3}},"loc":{"start":{"line":15,"column":36},"end":{"line":17,"column":3}},"line":15},"2":{"name":"(anonymous_2)","decl":{"start":{"line":19,"column":2},"end":{"line":19,"column":3}},"loc":{"start":{"line":19,"column":27},"end":{"line":21,"column":3}},"line":19},"3":{"name":"(anonymous_3)","decl":{"start":{"line":23,"column":2},"end":{"line":23,"column":3}},"loc":{"start":{"line":23,"column":15},"end":{"line":26,"column":3}},"line":23},"4":{"name":"(anonymous_4)","decl":{"start":{"line":24,"column":43},"end":{"line":24,"column":44}},"loc":{"start":{"line":24,"column":57},"end":{"line":24,"column":77}},"line":24}},"branchMap":{"0":{"loc":{"start":{"line":5,"column":4},"end":{"line":7,"column":5}},"type":"if","locations":[{"start":{"line":5,"column":4},"end":{"line":7,"column":5}},{"start":{},"end":{}}],"line":5},"1":{"loc":{"start":{"line":5,"column":8},"end":{"line":5,"column":35}},"type":"binary-expr","locations":[{"start":{"line":5,"column":8},"end":{"line":5,"column":13}},{"start":{"line":5,"column":17},"end":{"line":5,"column":35}}],"line":5}},"s":{"0":2,"1":25,"2":0,"3":25,"4":25,"5":25,"6":25,"7":35,"8":38,"9":20,"10":22,"11":20,"12":2},"f":{"0":25,"1":35,"2":38,"3":20,"4":22},"b":{"0":[0,25],"1":[25,25]},"_coverageSchema":"1a1c01bbd47fc00a2c39e90264f33305004495a9","hash":"0b80ef5830d38d53fa24d2a3effd4a8918e5b631"}
,"C:\\Users\\Jack\\Downloads\\vet-clinica-tdd\\src\\Atendimento.js": {"path":"C:\\Users\\Jack\\Downloads\\vet-clinica-tdd\\src\\Atendimento.js","statementMap":{"0":{"start":{"line":1,"column":23},"end":{"line":1,"column":41}},"1":{"start":{"line":3,"column":26},"end":{"line":7,"column":1}},"2":{"start":{"line":11,"column":28},"end":{"line":11,"column":54}},"3":{"start":{"line":13,"column":4},"end":{"line":17,"column":5}},"4":{"start":{"line":14,"column":6},"end":{"line":16,"column":8}},"5":{"start":{"line":19,"column":4},"end":{"line":19,"column":46}},"6":{"start":{"line":20,"column":4},"end":{"line":20,"column":62}},"7":{"start":{"line":21,"column":4},"end":{"line":21,"column":38}},"8":{"start":{"line":22,"column":4},"end":{"line":22,"column":22}},"9":{"start":{"line":23,"column":4},"end":{"line":23,"column":21}},"10":{"start":{"line":25,"column":4},"end":{"line":25,"column":82}},"11":{"start":{"line":25,"column":47},"end":{"line":25,"column":80}},"12":{"start":{"line":29,"column":4},"end":{"line":31,"column":5}},"13":{"start":{"line":30,"column":6},"end":{"line":30,"column":71}},"14":{"start":{"line":32,"column":4},"end":{"line":32,"column":45}},"15":{"start":{"line":36,"column":4},"end":{"line":36,"column":31}},"16":{"start":{"line":40,"column":4},"end":{"line":40,"column":81}},"17":{"start":{"line":40,"column":64},"end":{"line":40,"column":76}},"18":{"start":{"line":44,"column":21},"end":{"line":44,"column":61}},"19":{"start":{"line":45,"column":29},"end":{"line":45,"column":64}},"20":{"start":{"line":46,"column":4},"end":{"line":46,"column":53}},"21":{"start":{"line":50,"column":0},"end":{"line":50,"column":52}}},"fnMap":{"0":{"name":"(anonymous_0)","decl":{"start":{"line":10,"column":2},"end":{"line":10,"column":3}},"loc":{"start":{"line":10,"column":69},"end":{"line":26,"column":3}},"line":10},"1":{"name":"(anonymous_1)","decl":{"start":{"line":25,"column":36},"end":{"line":25,"column":37}},"loc":{"start":{"line":25,"column":47},"end":{"line":25,"column":80}},"line":25},"2":{"name":"(anonymous_2)","decl":{"start":{"line":28,"column":2},"end":{"line":28,"column":3}},"loc":{"start":{"line":28,"column":31},"end":{"line":33,"column":3}},"line":28},"3":{"name":"(anonymous_3)","decl":{"start":{"line":35,"column":2},"end":{"line":35,"column":3}},"loc":{"start":{"line":35,"column":30},"end":{"line":37,"column":3}},"line":35},"4":{"name":"(anonymous_4)","decl":{"start":{"line":39,"column":2},"end":{"line":39,"column":3}},"loc":{"start":{"line":39,"column":27},"end":{"line":41,"column":3}},"line":39},"5":{"name":"(anonymous_5)","decl":{"start":{"line":40,"column":47},"end":{"line":40,"column":48}},"loc":{"start":{"line":40,"column":64},"end":{"line":40,"column":76}},"line":40},"6":{"name":"(anonymous_6)","decl":{"start":{"line":43,"column":2},"end":{"line":43,"column":3}},"loc":{"start":{"line":43,"column":19},"end":{"line":47,"column":3}},"line":43}},"branchMap":{"0":{"loc":{"start":{"line":10,"column":20},"end":{"line":10,"column":48}},"type":"default-arg","locations":[{"start":{"line":10,"column":46},"end":{"line":10,"column":48}}],"line":10},"1":{"loc":{"start":{"line":10,"column":50},"end":{"line":10,"column":67}},"type":"default-arg","locations":[{"start":{"line":10,"column":57},"end":{"line":10,"column":67}}],"line":10},"2":{"loc":{"start":{"line":11,"column":29},"end":{"line":11,"column":39}},"type":"binary-expr","locations":[{"start":{"line":11,"column":29},"end":{"line":11,"column":33}},{"start":{"line":11,"column":37},"end":{"line":11,"column":39}}],"line":11},"3":{"loc":{"start":{"line":13,"column":4},"end":{"line":17,"column":5}},"type":"if","locations":[{"start":{"line":13,"column":4},"end":{"line":17,"column":5}},{"start":{},"end":{}}],"line":13},"4":{"loc":{"start":{"line":29,"column":4},"end":{"line":31,"column":5}},"type":"if","locations":[{"start":{"line":29,"column":4},"end":{"line":31,"column":5}},{"start":{},"end":{}}],"line":29}},"s":{"0":3,"1":3,"2":42,"3":42,"4":0,"5":42,"6":42,"7":42,"8":42,"9":42,"10":42,"11":5,"12":5,"13":1,"14":4,"15":3,"16":31,"17":4,"18":31,"19":31,"20":31,"21":3},"f":{"0":42,"1":5,"2":5,"3":3,"4":31,"5":4,"6":31},"b":{"0":[4],"1":[7],"2":[42,0],"3":[0,42],"4":[1,4]},"_coverageSchema":"1a1c01bbd47fc00a2c39e90264f33305004495a9","hash":"4af8e1726b9ea4c18c2f1c8dde71105a9b4762bb"}
,"C:\\Users\\Jack\\Downloads\\vet-clinica-tdd\\src\\ClinicaService.js": {"path":"C:\\Users\\Jack\\Downloads\\vet-clinica-tdd\\src\\ClinicaService.js","statementMap":{"0":{"start":{"line":1,"column":15},"end":{"line":1,"column":34}},"1":{"start":{"line":2,"column":24},"end":{"line":2,"column":48}},"2":{"start":{"line":3,"column":23},"end":{"line":3,"column":41}},"3":{"start":{"line":5,"column":26},"end":{"line":5,"column":27}},"4":{"start":{"line":6,"column":28},"end":{"line":6,"column":32}},"5":{"start":{"line":10,"column":4},"end":{"line":10,"column":22}},"6":{"start":{"line":11,"column":4},"end":{"line":11,"column":23}},"7":{"start":{"line":16,"column":19},"end":{"line":16,"column":64}},"8":{"start":{"line":17,"column":4},"end":{"line":17,"column":24}},"9":{"start":{"line":18,"column":4},"end":{"line":18,"column":30}},"10":{"start":{"line":19,"column":4},"end":{"line":19,"column":18}},"11":{"start":{"line":23,"column":19},"end":{"line":23,"column":56}},"12":{"start":{"line":23,"column":44},"end":{"line":23,"column":55}},"13":{"start":{"line":24,"column":4},"end":{"line":26,"column":5}},"14":{"start":{"line":25,"column":6},"end":{"line":25,"column":60}},"15":{"start":{"line":27,"column":4},"end":{"line":27,"column":18}},"16":{"start":{"line":32,"column":19},"end":{"line":32,"column":51}},"17":{"start":{"line":33,"column":24},"end":{"line":33,"column":76}},"18":{"start":{"line":35,"column":4},"end":{"line":37,"column":5}},"19":{"start":{"line":36,"column":6},"end":{"line":36,"column":55}},"20":{"start":{"line":39,"column":4},"end":{"line":39,"column":45}},"21":{"start":{"line":40,"column":4},"end":{"line":40,"column":23}},"22":{"start":{"line":44,"column":4},"end":{"line":44,"column":57}},"23":{"start":{"line":48,"column":19},"end":{"line":48,"column":51}},"24":{"start":{"line":49,"column":4},"end":{"line":51,"column":5}},"25":{"start":{"line":50,"column":6},"end":{"line":50,"column":19}},"26":{"start":{"line":53,"column":32},"end":{"line":53,"column":61}},"27":{"start":{"line":54,"column":21},"end":{"line":54,"column":75}},"28":{"start":{"line":55,"column":4},"end":{"line":55,"column":34}},"29":{"start":{"line":60,"column":4},"end":{"line":60,"column":29}},"30":{"start":{"line":64,"column":4},"end":{"line":66,"column":6}},"31":{"start":{"line":65,"column":6},"end":{"line":65,"column":55}},"32":{"start":{"line":70,"column":4},"end":{"line":70,"column":68}},"33":{"start":{"line":70,"column":38},"end":{"line":70,"column":66}},"34":{"start":{"line":74,"column":18},"end":{"line":74,"column":35}},"35":{"start":{"line":75,"column":4},"end":{"line":79,"column":6}},"36":{"start":{"line":76,"column":6},"end":{"line":78,"column":41}},"37":{"start":{"line":80,"column":4},"end":{"line":80,"column":17}},"38":{"start":{"line":84,"column":4},"end":{"line":84,"column":78}},"39":{"start":{"line":84,"column":46},"end":{"line":84,"column":76}},"40":{"start":{"line":85,"column":4},"end":{"line":85,"column":24}},"41":{"start":{"line":89,"column":18},"end":{"line":89,"column":76}},"42":{"start":{"line":89,"column":51},"end":{"line":89,"column":72}},"43":{"start":{"line":90,"column":4},"end":{"line":90,"column":29}},"44":{"start":{"line":94,"column":4},"end":{"line":98,"column":8}},"45":{"start":{"line":94,"column":71},"end":{"line":98,"column":5}},"46":{"start":{"line":102,"column":0},"end":{"line":102,"column":32}}},"fnMap":{"0":{"name":"(anonymous_0)","decl":{"start":{"line":9,"column":2},"end":{"line":9,"column":3}},"loc":{"start":{"line":9,"column":16},"end":{"line":12,"column":3}},"line":9},"1":{"name":"(anonymous_1)","decl":{"start":{"line":15,"column":2},"end":{"line":15,"column":3}},"loc":{"start":{"line":15,"column":37},"end":{"line":20,"column":3}},"line":15},"2":{"name":"(anonymous_2)","decl":{"start":{"line":22,"column":2},"end":{"line":22,"column":3}},"loc":{"start":{"line":22,"column":24},"end":{"line":28,"column":3}},"line":22},"3":{"name":"(anonymous_3)","decl":{"start":{"line":23,"column":37},"end":{"line":23,"column":38}},"loc":{"start":{"line":23,"column":44},"end":{"line":23,"column":55}},"line":23},"4":{"name":"(anonymous_4)","decl":{"start":{"line":31,"column":2},"end":{"line":31,"column":3}},"loc":{"start":{"line":31,"column":88},"end":{"line":41,"column":3}},"line":31},"5":{"name":"(anonymous_5)","decl":{"start":{"line":43,"column":2},"end":{"line":43,"column":3}},"loc":{"start":{"line":43,"column":32},"end":{"line":45,"column":3}},"line":43},"6":{"name":"(anonymous_6)","decl":{"start":{"line":47,"column":2},"end":{"line":47,"column":3}},"loc":{"start":{"line":47,"column":60},"end":{"line":56,"column":3}},"line":47},"7":{"name":"(anonymous_7)","decl":{"start":{"line":59,"column":2},"end":{"line":59,"column":3}},"loc":{"start":{"line":59,"column":18},"end":{"line":61,"column":3}},"line":59},"8":{"name":"(anonymous_8)","decl":{"start":{"line":63,"column":2},"end":{"line":63,"column":3}},"loc":{"start":{"line":63,"column":28},"end":{"line":67,"column":3}},"line":63},"9":{"name":"(anonymous_9)","decl":{"start":{"line":64,"column":31},"end":{"line":64,"column":32}},"loc":{"start":{"line":65,"column":6},"end":{"line":65,"column":55}},"line":65},"10":{"name":"(anonymous_10)","decl":{"start":{"line":69,"column":2},"end":{"line":69,"column":3}},"loc":{"start":{"line":69,"column":45},"end":{"line":71,"column":3}},"line":69},"11":{"name":"(anonymous_11)","decl":{"start":{"line":70,"column":31},"end":{"line":70,"column":32}},"loc":{"start":{"line":70,"column":38},"end":{"line":70,"column":66}},"line":70},"12":{"name":"(anonymous_12)","decl":{"start":{"line":73,"column":2},"end":{"line":73,"column":3}},"loc":{"start":{"line":73,"column":46},"end":{"line":81,"column":3}},"line":73},"13":{"name":"(anonymous_13)","decl":{"start":{"line":75,"column":15},"end":{"line":75,"column":16}},"loc":{"start":{"line":76,"column":6},"end":{"line":78,"column":41}},"line":76},"14":{"name":"(anonymous_14)","decl":{"start":{"line":83,"column":2},"end":{"line":83,"column":3}},"loc":{"start":{"line":83,"column":34},"end":{"line":86,"column":3}},"line":83},"15":{"name":"(anonymous_15)","decl":{"start":{"line":84,"column":39},"end":{"line":84,"column":40}},"loc":{"start":{"line":84,"column":46},"end":{"line":84,"column":76}},"line":84},"16":{"name":"(anonymous_16)","decl":{"start":{"line":88,"column":2},"end":{"line":88,"column":3}},"loc":{"start":{"line":88,"column":26},"end":{"line":91,"column":3}},"line":88},"17":{"name":"(anonymous_17)","decl":{"start":{"line":89,"column":38},"end":{"line":89,"column":39}},"loc":{"start":{"line":89,"column":51},"end":{"line":89,"column":72}},"line":89},"18":{"name":"(anonymous_18)","decl":{"start":{"line":93,"column":2},"end":{"line":93,"column":3}},"loc":{"start":{"line":93,"column":25},"end":{"line":99,"column":3}},"line":93},"19":{"name":"(anonymous_19)","decl":{"start":{"line":94,"column":56},"end":{"line":94,"column":57}},"loc":{"start":{"line":94,"column":71},"end":{"line":98,"column":5}},"line":94}},"branchMap":{"0":{"loc":{"start":{"line":24,"column":4},"end":{"line":26,"column":5}},"type":"if","locations":[{"start":{"line":24,"column":4},"end":{"line":26,"column":5}},{"start":{},"end":{}}],"line":24},"1":{"loc":{"start":{"line":31,"column":39},"end":{"line":31,"column":67}},"type":"default-arg","locations":[{"start":{"line":31,"column":65},"end":{"line":31,"column":67}}],"line":31},"2":{"loc":{"start":{"line":31,"column":69},"end":{"line":31,"column":86}},"type":"default-arg","locations":[{"start":{"line":31,"column":76},"end":{"line":31,"column":86}}],"line":31},"3":{"loc":{"start":{"line":35,"column":4},"end":{"line":37,"column":5}},"type":"if","locations":[{"start":{"line":35,"column":4},"end":{"line":37,"column":5}},{"start":{},"end":{}}],"line":35},"4":{"loc":{"start":{"line":47,"column":44},"end":{"line":47,"column":58}},"type":"default-arg","locations":[{"start":{"line":47,"column":57},"end":{"line":47,"column":58}}],"line":47},"5":{"loc":{"start":{"line":49,"column":4},"end":{"line":51,"column":5}},"type":"if","locations":[{"start":{"line":49,"column":4},"end":{"line":51,"column":5}},{"start":{},"end":{}}],"line":49},"6":{"loc":{"start":{"line":73,"column":30},"end":{"line":73,"column":44}},"type":"default-arg","locations":[{"start":{"line":73,"column":38},"end":{"line":73,"column":44}}],"line":73},"7":{"loc":{"start":{"line":76,"column":6},"end":{"line":78,"column":41}},"type":"cond-expr","locations":[{"start":{"line":77,"column":10},"end":{"line":77,"column":41}},{"start":{"line":78,"column":10},"end":{"line":78,"column":41}}],"line":76}},"s":{"0":2,"1":2,"2":2,"3":2,"4":2,"5":16,"6":16,"7":25,"8":25,"9":25,"10":25,"11":38,"12":44,"13":38,"14":1,"15":37,"16":35,"17":35,"18":35,"19":2,"20":35,"21":35,"22":1,"23":1,"24":1,"25":0,"26":1,"27":1,"28":1,"29":1,"30":1,"31":2,"32":1,"33":2,"34":2,"35":2,"36":5,"37":2,"38":1,"39":2,"40":1,"41":2,"42":4,"43":2,"44":1,"45":2,"46":2},"f":{"0":16,"1":25,"2":38,"3":44,"4":35,"5":1,"6":1,"7":1,"8":1,"9":2,"10":1,"11":2,"12":2,"13":5,"14":1,"15":2,"16":2,"17":4,"18":1,"19":2},"b":{"0":[1,37],"1":[32],"2":[33],"3":[2,33],"4":[0],"5":[0,1],"6":[0],"7":[5,0]},"_coverageSchema":"1a1c01bbd47fc00a2c39e90264f33305004495a9","hash":"04fb3aec30b2f72d4081eff7d7a1c2ca15ed9977"}
,"C:\\Users\\Jack\\Downloads\\vet-clinica-tdd\\src\\utils.js": {"path":"C:\\Users\\Jack\\Downloads\\vet-clinica-tdd\\src\\utils.js","statementMap":{"0":{"start":{"line":2,"column":2},"end":{"line":2,"column":34}},"1":{"start":{"line":5,"column":0},"end":{"line":5,"column":32}}},"fnMap":{"0":{"name":"arredondar","decl":{"start":{"line":1,"column":9},"end":{"line":1,"column":19}},"loc":{"start":{"line":1,"column":27},"end":{"line":3,"column":1}},"line":1}},"branchMap":{},"s":{"0":53,"1":3},"f":{"0":53},"b":{},"_coverageSchema":"1a1c01bbd47fc00a2c39e90264f33305004495a9","hash":"069d66c0627145cf6071a42a08e3ea6771be9c67"}
}
