TN:
SF:src\Animal.js
FN:4,(anonymous_0)
FN:15,(anonymous_1)
FN:19,(anonymous_2)
FN:23,(anonymous_3)
FN:24,(anonymous_4)
FNF:5
FNH:5
FNDA:25,(anonymous_0)
FNDA:35,(anonymous_1)
FNDA:38,(anonymous_2)
FNDA:20,(anonymous_3)
FNDA:22,(anonymous_4)
DA:1,2
DA:5,25
DA:6,0
DA:9,25
DA:10,25
DA:11,25
DA:12,25
DA:16,35
DA:20,38
DA:24,22
DA:25,20
DA:29,2
LF:12
LH:11
BRDA:5,0,0,0
BRDA:5,0,1,25
BRDA:5,1,0,25
BRDA:5,1,1,25
BRF:4
BRH:3
end_of_record
TN:
SF:src\Atendimento.js
FN:10,(anonymous_0)
FN:25,(anonymous_1)
FN:28,(anonymous_2)
FN:35,(anonymous_3)
FN:39,(anonymous_4)
FN:40,(anonymous_5)
FN:43,(anonymous_6)
FNF:7
FNH:7
FNDA:42,(anonymous_0)
FNDA:5,(anonymous_1)
FNDA:5,(anonymous_2)
FNDA:3,(anonymous_3)
FNDA:31,(anonymous_4)
FNDA:4,(anonymous_5)
FNDA:31,(anonymous_6)
DA:1,3
DA:3,3
DA:11,42
DA:13,42
DA:14,0
DA:19,42
DA:20,42
DA:21,42
DA:22,42
DA:23,42
DA:25,42
DA:29,5
DA:30,1
DA:32,4
DA:36,3
DA:40,31
DA:44,31
DA:45,31
DA:46,31
DA:50,3
LF:20
LH:19
BRDA:10,0,0,4
BRDA:10,1,0,7
BRDA:11,2,0,42
BRDA:11,2,1,0
BRDA:13,3,0,0
BRDA:13,3,1,42
BRDA:29,4,0,1
BRDA:29,4,1,4
BRF:8
BRH:6
end_of_record
TN:
SF:src\ClinicaService.js
FN:9,(anonymous_0)
FN:15,(anonymous_1)
FN:22,(anonymous_2)
FN:23,(anonymous_3)
FN:31,(anonymous_4)
FN:43,(anonymous_5)
FN:47,(anonymous_6)
FN:59,(anonymous_7)
FN:63,(anonymous_8)
FN:64,(anonymous_9)
FN:69,(anonymous_10)
FN:70,(anonymous_11)
FN:73,(anonymous_12)
FN:75,(anonymous_13)
FN:83,(anonymous_14)
FN:84,(anonymous_15)
FN:88,(anonymous_16)
FN:89,(anonymous_17)
FN:93,(anonymous_18)
FN:94,(anonymous_19)
FNF:20
FNH:20
FNDA:16,(anonymous_0)
FNDA:25,(anonymous_1)
FNDA:38,(anonymous_2)
FNDA:44,(anonymous_3)
FNDA:35,(anonymous_4)
FNDA:1,(anonymous_5)
FNDA:1,(anonymous_6)
FNDA:1,(anonymous_7)
FNDA:1,(anonymous_8)
FNDA:2,(anonymous_9)
FNDA:1,(anonymous_10)
FNDA:2,(anonymous_11)
FNDA:2,(anonymous_12)
FNDA:5,(anonymous_13)
FNDA:1,(anonymous_14)
FNDA:2,(anonymous_15)
FNDA:2,(anonymous_16)
FNDA:4,(anonymous_17)
FNDA:1,(anonymous_18)
FNDA:2,(anonymous_19)
DA:1,2
DA:2,2
DA:3,2
DA:5,2
DA:6,2
DA:10,16
DA:11,16
DA:16,25
DA:17,25
DA:18,25
DA:19,25
DA:23,44
DA:24,38
DA:25,1
DA:27,37
DA:32,35
DA:33,35
DA:35,35
DA:36,2
DA:39,35
DA:40,35
DA:44,1
DA:48,1
DA:49,1
DA:50,0
DA:53,1
DA:54,1
DA:55,1
DA:60,1
DA:64,1
DA:65,2
DA:70,2
DA:74,2
DA:75,2
DA:76,5
DA:80,2
DA:84,2
DA:85,1
DA:89,4
DA:90,2
DA:94,2
DA:102,2
LF:42
LH:41
BRDA:24,0,0,1
BRDA:24,0,1,37
BRDA:31,1,0,32
BRDA:31,2,0,33
BRDA:35,3,0,2
BRDA:35,3,1,33
BRDA:47,4,0,0
BRDA:49,5,0,0
BRDA:49,5,1,1
BRDA:73,6,0,0
BRDA:76,7,0,5
BRDA:76,7,1,0
BRF:12
BRH:8
end_of_record
TN:
SF:src\utils.js
FN:1,arredondar
FNF:1
FNH:1
FNDA:53,arredondar
DA:2,53
DA:5,3
LF:2
LH:2
BRF:0
BRH:0
end_of_record
